<?xml version="1.0" encoding="UTF-8"?>
<!-- Generated by org.testng.reporters.JUnitReportReporter -->
<testsuite skipped="0" hostname="Deepaks-MacBook-Pro" name="com.locus.path.points.service.impl.PathPointServiceImplTest" tests="1" failures="0" timestamp="2021-01-10T20:34:15 IST" time="0.788" errors="0">
  <testcase name="testIfOutputIsCorrect" time="0.788" classname="com.locus.path.points.service.impl.PathPointServiceImplTest"/>
  <system-out/>
</testsuite> <!-- com.locus.path.points.service.impl.PathPointServiceImplTest -->
